<?xml version="1.0" encoding="UTF-8"?>
<!-- Generated by org.testng.reporters.JUnitXMLReporter -->
<testsuite ignored="0" hostname="DESKTOP-GEMJ2VE" failures="0" tests="5" name="Test2" time="20.248" errors="0" timestamp="2023-02-17T14:33:44 IST">
  <testcase classname="CrossBrowserTesting.Verifyw3LinksOnSignUpAndLoginPage" name="@BeforeTest launchTheBrowser" time="20.125">
    <failure type="org.openqa.selenium.WebDriverException" message="java.net.ConnectException: Failed to connect to localhost/[0:0:0:0:0:0:0:1]:28431
Build info: version: &amp;apos;3.141.59&amp;apos;, revision: &amp;apos;e82be7d358&amp;apos;, time: &amp;apos;2018-11-14T08:17:03&amp;apos;
System info: host: &amp;apos;DESKTOP-GEMJ2VE&amp;apos;, ip: &amp;apos;192.168.2.104&amp;apos;, os.name: &amp;apos;Windows 10&amp;apos;, os.arch: &amp;apos;amd64&amp;apos;, os.version: &amp;apos;10.0&amp;apos;, java.version: &amp;apos;19&amp;apos;
Driver info: driver.version: FirefoxDriver">
      <![CDATA[org.openqa.selenium.WebDriverException: java.net.ConnectException: Failed to connect to localhost/[0:0:0:0:0:0:0:1]:28431
Build info: version: '3.141.59', revision: 'e82be7d358', time: '2018-11-14T08:17:03'
System info: host: 'DESKTOP-GEMJ2VE', ip: '192.168.2.104', os.name: 'Windows 10', os.arch: 'amd64', os.version: '10.0', java.version: '19'
Driver info: driver.version: FirefoxDriver
at org.openqa.selenium.remote.service.DriverCommandExecutor.execute(DriverCommandExecutor.java:92)
at org.openqa.selenium.remote.RemoteWebDriver.execute(RemoteWebDriver.java:552)
at org.openqa.selenium.remote.RemoteWebDriver.startSession(RemoteWebDriver.java:213)
at org.openqa.selenium.remote.RemoteWebDriver.<init>(RemoteWebDriver.java:131)
at org.openqa.selenium.firefox.FirefoxDriver.<init>(FirefoxDriver.java:147)
at org.openqa.selenium.firefox.FirefoxDriver.<init>(FirefoxDriver.java:125)
at BaseClass.BrowserClass.openFirefoxBrowser(BrowserClass.java:19)
at CrossBrowserTesting.Verifyw3LinksOnSignUpAndLoginPage.launchTheBrowser(Verifyw3LinksOnSignUpAndLoginPage.java:44)
Caused by: java.net.ConnectException: Failed to connect to localhost/[0:0:0:0:0:0:0:1]:28431
at okhttp3.internal.connection.RealConnection.connectSocket(RealConnection.java:247)
at okhttp3.internal.connection.RealConnection.connect(RealConnection.java:165)
at okhttp3.internal.connection.StreamAllocation.findConnection(StreamAllocation.java:257)
at okhttp3.internal.connection.StreamAllocation.findHealthyConnection(StreamAllocation.java:135)
at okhttp3.internal.connection.StreamAllocation.newStream(StreamAllocation.java:114)
at okhttp3.internal.connection.ConnectInterceptor.intercept(ConnectInterceptor.java:42)
at okhttp3.internal.http.RealInterceptorChain.proceed(RealInterceptorChain.java:147)
at okhttp3.internal.http.RealInterceptorChain.proceed(RealInterceptorChain.java:121)
at okhttp3.internal.cache.CacheInterceptor.intercept(CacheInterceptor.java:93)
at okhttp3.internal.http.RealInterceptorChain.proceed(RealInterceptorChain.java:147)
at okhttp3.internal.http.RealInterceptorChain.proceed(RealInterceptorChain.java:121)
at okhttp3.internal.http.BridgeInterceptor.intercept(BridgeInterceptor.java:93)
at okhttp3.internal.http.RealInterceptorChain.proceed(RealInterceptorChain.java:147)
at okhttp3.internal.http.RetryAndFollowUpInterceptor.intercept(RetryAndFollowUpInterceptor.java:126)
at okhttp3.internal.http.RealInterceptorChain.proceed(RealInterceptorChain.java:147)
at okhttp3.internal.http.RealInterceptorChain.proceed(RealInterceptorChain.java:121)
at okhttp3.RealCall.getResponseWithInterceptorChain(RealCall.java:200)
at okhttp3.RealCall.execute(RealCall.java:77)
at org.openqa.selenium.remote.internal.OkHttpClient.execute(OkHttpClient.java:103)
at org.openqa.selenium.remote.ProtocolHandshake.createSession(ProtocolHandshake.java:105)
at org.openqa.selenium.remote.ProtocolHandshake.createSession(ProtocolHandshake.java:74)
at org.openqa.selenium.remote.HttpCommandExecutor.execute(HttpCommandExecutor.java:136)
at org.openqa.selenium.remote.service.DriverCommandExecutor.execute(DriverCommandExecutor.java:83)
... 29 more
Caused by: java.net.ConnectException: Connection refused: no further information
at java.base/sun.nio.ch.Net.pollConnect(Native Method)
at java.base/sun.nio.ch.Net.pollConnectNow(Net.java:672)
at java.base/sun.nio.ch.NioSocketImpl.timedFinishConnect(NioSocketImpl.java:535)
at java.base/sun.nio.ch.NioSocketImpl.connect(NioSocketImpl.java:585)
at java.base/java.net.SocksSocketImpl.connect(SocksSocketImpl.java:327)
at java.base/java.net.Socket.connect(Socket.java:666)
at okhttp3.internal.platform.Platform.connectSocket(Platform.java:129)
at okhttp3.internal.connection.RealConnection.connectSocket(RealConnection.java:245)
... 51 more
... Removed 22 stack frames]]>
    </failure>
  </testcase> <!-- @BeforeTest launchTheBrowser -->
  <testcase classname="CrossBrowserTesting.xyz" name="@BeforeTest beforeTest" time="0.0">
    <skipped/>
  </testcase> <!-- @BeforeTest beforeTest -->
  <testcase classname="CrossBrowserTesting.Verifyw3LinksOnSignUpAndLoginPage" name="@BeforeClass CreatePOMObjects" time="0.0">
    <skipped/>
  </testcase> <!-- @BeforeClass CreatePOMObjects -->
  <testcase classname="CrossBrowserTesting.Verifyw3LinksOnSignUpAndLoginPage" name="@BeforeMethod launchTheApplication" time="0.0">
    <skipped/>
  </testcase> <!-- @BeforeMethod launchTheApplication -->
  <testcase classname="CrossBrowserTesting.xyz" name="@BeforeClass beforeClass" time="0.0">
    <skipped/>
  </testcase> <!-- @BeforeClass beforeClass -->
  <testcase classname="CrossBrowserTesting.xyz" name="@BeforeMethod beforeMethod" time="0.0">
    <skipped/>
  </testcase> <!-- @BeforeMethod beforeMethod -->
  <testcase classname="CrossBrowserTesting.xyz" name="@AfterMethod screenshotOfFailCases" time="0.0">
    <skipped/>
  </testcase> <!-- @AfterMethod screenshotOfFailCases -->
  <testcase classname="CrossBrowserTesting.Verifyw3LinksOnSignUpAndLoginPage" name="@AfterMethod screenshotOfFailCases" time="0.0">
    <skipped/>
  </testcase> <!-- @AfterMethod screenshotOfFailCases -->
  <testcase classname="CrossBrowserTesting.xyz" name="@AfterClass afterClass" time="0.0">
    <skipped/>
  </testcase> <!-- @AfterClass afterClass -->
  <testcase classname="CrossBrowserTesting.Verifyw3LinksOnSignUpAndLoginPage" name="@BeforeMethod launchTheApplication" time="0.0">
    <skipped/>
  </testcase> <!-- @BeforeMethod launchTheApplication -->
  <testcase classname="CrossBrowserTesting.Verifyw3LinksOnSignUpAndLoginPage" name="@AfterMethod screenshotOfFailCases" time="0.0">
    <skipped/>
  </testcase> <!-- @AfterMethod screenshotOfFailCases -->
  <testcase classname="CrossBrowserTesting.Verifyw3LinksOnSignUpAndLoginPage" name="@BeforeMethod launchTheApplication" time="0.0">
    <skipped/>
  </testcase> <!-- @BeforeMethod launchTheApplication -->
  <testcase classname="CrossBrowserTesting.Verifyw3LinksOnSignUpAndLoginPage" name="@AfterMethod screenshotOfFailCases" time="0.0">
    <skipped/>
  </testcase> <!-- @AfterMethod screenshotOfFailCases -->
  <testcase classname="CrossBrowserTesting.Verifyw3LinksOnSignUpAndLoginPage" name="@BeforeMethod launchTheApplication" time="0.0">
    <skipped/>
  </testcase> <!-- @BeforeMethod launchTheApplication -->
  <testcase classname="CrossBrowserTesting.Verifyw3LinksOnSignUpAndLoginPage" name="@AfterMethod screenshotOfFailCases" time="0.0">
    <skipped/>
  </testcase> <!-- @AfterMethod screenshotOfFailCases -->
  <testcase classname="CrossBrowserTesting.Verifyw3LinksOnSignUpAndLoginPage" name="@AfterClass afterClass" time="0.0">
    <skipped/>
  </testcase> <!-- @AfterClass afterClass -->
  <testcase classname="CrossBrowserTesting.Verifyw3LinksOnSignUpAndLoginPage" name="@AfterTest afterTest" time="0.0">
    <skipped/>
  </testcase> <!-- @AfterTest afterTest -->
  <testcase classname="CrossBrowserTesting.xyz" name="@AfterTest afterTest" time="0.0">
    <skipped/>
  </testcase> <!-- @AfterTest afterTest -->
  <testcase classname="CrossBrowserTesting.Verifyw3LinksOnSignUpAndLoginPage" name="VerifyTheCookiesPolicylLinksOnLoginPage" time="0.0">
    <skipped/>
  </testcase> <!-- VerifyTheCookiesPolicylLinksOnLoginPage -->
  <testcase classname="CrossBrowserTesting.xyz" name="test" time="0.0">
    <skipped/>
  </testcase> <!-- test -->
  <testcase classname="CrossBrowserTesting.Verifyw3LinksOnSignUpAndLoginPage" name="VerifyThePrivacyPolicyLinksOnLoginPage" time="0.0">
    <skipped/>
  </testcase> <!-- VerifyThePrivacyPolicyLinksOnLoginPage -->
  <testcase classname="CrossBrowserTesting.Verifyw3LinksOnSignUpAndLoginPage" name="VerifyTheTermsAndConditionsLinksOnLoginPage" time="0.0">
    <skipped/>
  </testcase> <!-- VerifyTheTermsAndConditionsLinksOnLoginPage -->
  <testcase classname="CrossBrowserTesting.Verifyw3LinksOnSignUpAndLoginPage" name="VerifyTheW3schoolLinksOnLoginPage" time="0.0">
    <skipped/>
  </testcase> <!-- VerifyTheW3schoolLinksOnLoginPage -->
</testsuite> <!-- Test2 -->
