<?xml version="1.0" encoding="UTF-8"?>
<!-- Generated by org.testng.reporters.JUnitXMLReporter -->
<testsuite ignored="0" hostname="DESKTOP-GEMJ2VE" failures="1" tests="12" name="Test" time="89.665" errors="0" timestamp="2023-02-20T12:02:40 IST">
  <testcase classname="TestNGPack.W3schoolAlertAndIframeHandeling" name="@BeforeClass launchTheApplication" time="0.021">
    <failure type="java.lang.NullPointerException" message="Cannot invoke &amp;quot;org.openqa.selenium.WebDriver.get(String)&amp;quot; because &amp;quot;this.driver&amp;quot; is null">
      <![CDATA[java.lang.NullPointerException: Cannot invoke "org.openqa.selenium.WebDriver.get(String)" because "this.driver" is null
at TestNGPack.W3schoolAlertAndIframeHandeling.launchTheApplication(W3schoolAlertAndIframeHandeling.java:31)
at java.base/java.util.ArrayList.forEach(ArrayList.java:1511)
... Removed 23 stack frames]]>
    </failure>
  </testcase> <!-- @BeforeClass launchTheApplication -->
  <testcase classname="TestNGPack.W3schoolAlertAndIframeHandeling" name="@BeforeClass launchTheBrowse" time="0.0">
    <skipped/>
  </testcase> <!-- @BeforeClass launchTheBrowse -->
  <testcase classname="TestNGPack.Verifyw3LinksOnSignUpAndLoginPage" name="@BeforeMethod launchTheApplication" time="9.508">
    <failure type="org.openqa.selenium.NoSuchElementException" message="no such element: Unable to locate element: {&amp;quot;method&amp;quot;:&amp;quot;xpath&amp;quot;,&amp;quot;selector&amp;quot;:&amp;quot;//a[@id=&amp;apos;w3loginbtn&amp;apos;]&amp;quot;}
  (Session info: chrome=110.0.5481.104)
For documentation on this error, please visit: https://www.seleniumhq.org/exceptions/no_such_element.html
Build info: version: &amp;apos;3.141.59&amp;apos;, revision: &amp;apos;e82be7d358&amp;apos;, time: &amp;apos;2018-11-14T08:17:03&amp;apos;
System info: host: &amp;apos;DESKTOP-GEMJ2VE&amp;apos;, ip: &amp;apos;192.168.2.104&amp;apos;, os.name: &amp;apos;Windows 10&amp;apos;, os.arch: &amp;apos;amd64&amp;apos;, os.version: &amp;apos;10.0&amp;apos;, java.version: &amp;apos;19&amp;apos;
Driver info: org.openqa.selenium.chrome.ChromeDriver
Capabilities {acceptInsecureCerts: false, browserName: chrome, browserVersion: 110.0.5481.104, chrome: {chromedriverVersion: 110.0.5481.77 (65ed616c6e8e..., userDataDir: C:\Users\abc\AppData\Local\...}, goog:chromeOptions: {debuggerAddress: localhost:57199}, javascriptEnabled: true, networkConnectionEnabled: false, pageLoadStrategy: normal, platform: WINDOWS, platformName: WINDOWS, proxy: Proxy(), setWindowRect: true, strictFileInteractability: false, timeouts: {implicit: 0, pageLoad: 300000, script: 30000}, unhandledPromptBehavior: dismiss and notify, webauthn:extension:credBlob: true, webauthn:extension:largeBlob: true, webauthn:virtualAuthenticators: true}
Session ID: 69c6053f235ed4b9496fa96b8d749784
*** Element info: {Using=xpath, value=//a[@id=&amp;apos;w3loginbtn&amp;apos;]}">
      <![CDATA[org.openqa.selenium.NoSuchElementException: no such element: Unable to locate element: {"method":"xpath","selector":"//a[@id='w3loginbtn']"}
  (Session info: chrome=110.0.5481.104)
For documentation on this error, please visit: https://www.seleniumhq.org/exceptions/no_such_element.html
Build info: version: '3.141.59', revision: 'e82be7d358', time: '2018-11-14T08:17:03'
System info: host: 'DESKTOP-GEMJ2VE', ip: '192.168.2.104', os.name: 'Windows 10', os.arch: 'amd64', os.version: '10.0', java.version: '19'
Driver info: org.openqa.selenium.chrome.ChromeDriver
Capabilities {acceptInsecureCerts: false, browserName: chrome, browserVersion: 110.0.5481.104, chrome: {chromedriverVersion: 110.0.5481.77 (65ed616c6e8e..., userDataDir: C:\Users\abc\AppData\Local\...}, goog:chromeOptions: {debuggerAddress: localhost:57199}, javascriptEnabled: true, networkConnectionEnabled: false, pageLoadStrategy: normal, platform: WINDOWS, platformName: WINDOWS, proxy: Proxy(), setWindowRect: true, strictFileInteractability: false, timeouts: {implicit: 0, pageLoad: 300000, script: 30000}, unhandledPromptBehavior: dismiss and notify, webauthn:extension:credBlob: true, webauthn:extension:largeBlob: true, webauthn:virtualAuthenticators: true}
Session ID: 69c6053f235ed4b9496fa96b8d749784
*** Element info: {Using=xpath, value=//a[@id='w3loginbtn']}
at org.openqa.selenium.remote.http.W3CHttpResponseCodec.createException(W3CHttpResponseCodec.java:187)
at org.openqa.selenium.remote.http.W3CHttpResponseCodec.decode(W3CHttpResponseCodec.java:122)
at org.openqa.selenium.remote.http.W3CHttpResponseCodec.decode(W3CHttpResponseCodec.java:49)
at org.openqa.selenium.remote.HttpCommandExecutor.execute(HttpCommandExecutor.java:158)
at org.openqa.selenium.remote.service.DriverCommandExecutor.execute(DriverCommandExecutor.java:83)
at org.openqa.selenium.remote.RemoteWebDriver.execute(RemoteWebDriver.java:552)
at org.openqa.selenium.remote.RemoteWebDriver.findElement(RemoteWebDriver.java:323)
at org.openqa.selenium.remote.RemoteWebDriver.findElementByXPath(RemoteWebDriver.java:428)
at org.openqa.selenium.By$ByXPath.findElement(By.java:353)
at org.openqa.selenium.remote.RemoteWebDriver.findElement(RemoteWebDriver.java:315)
at org.openqa.selenium.support.pagefactory.DefaultElementLocator.findElement(DefaultElementLocator.java:69)
at org.openqa.selenium.support.pagefactory.internal.LocatingElementHandler.invoke(LocatingElementHandler.java:38)
at jdk.proxy2/jdk.proxy2.$Proxy13.click(Unknown Source)
at w3schoolAutomation.W3HomePage.ClickOnLogInlButton(W3HomePage.java:106)
at TestNGPack.Verifyw3LinksOnSignUpAndLoginPage.launchTheApplication(Verifyw3LinksOnSignUpAndLoginPage.java:36)
at java.base/java.util.ArrayList.forEach(ArrayList.java:1511)
... Removed 32 stack frames]]>
    </failure>
  </testcase> <!-- @BeforeMethod launchTheApplication -->
  <testcase classname="TestNGPack.Verifyw3LinksOnSignUpAndLoginPage" name="@BeforeMethod launchTheApplication" time="0.0">
    <skipped/>
  </testcase> <!-- @BeforeMethod launchTheApplication -->
  <testcase classname="TestNGPack.Verifyw3LinksOnSignUpAndLoginPage" name="@BeforeMethod launchTheApplication" time="0.0">
    <skipped/>
  </testcase> <!-- @BeforeMethod launchTheApplication -->
  <testcase classname="TestNGPack.VerifyQuizze" name="test" time="3.673"/>
  <testcase classname="TestNGPack.TestCase12" name="VerifyForgotPasswordFunctionality" time="12.992"/>
  <testcase classname="TestNGPack.TestCase12" name="VerifyLoginFunctionality" time="3.745"/>
  <testcase classname="TestNGPack.TestCase12" name="VerifySignUpPageFunctionality" time="5.288"/>
  <testcase classname="TestNGPack.VerifyTheGet30DaysFreeTrailTextOnCreateWebsitePage" name="test" time="3.573"/>
  <testcase classname="TestNGPack.W3schoolAlertAndIframeHandeling" name="HandelAlertPopUpWindow" time="0.0">
    <skipped/>
  </testcase> <!-- HandelAlertPopUpWindow -->
  <testcase classname="TestNGPack.W3schoolAlertAndIframeHandeling" name="VerifyYouPressedCancelText" time="0.0">
    <skipped/>
  </testcase> <!-- VerifyYouPressedCancelText -->
  <testcase classname="TestNGPack.Verifyw3LinksOnSignUpAndLoginPage" name="VerifyTheCookiesPolicylLinksOnLoginPage" time="0.001">
    <failure type="java.lang.NullPointerException" message="Cannot invoke &amp;quot;w3schoolAutomation.LogInOrSignUpPage.clickOnCookiePolicyLink()&amp;quot; because &amp;quot;this.logInOrSignUpPage&amp;quot; is null">
      <![CDATA[java.lang.NullPointerException: Cannot invoke "w3schoolAutomation.LogInOrSignUpPage.clickOnCookiePolicyLink()" because "this.logInOrSignUpPage" is null
at TestNGPack.Verifyw3LinksOnSignUpAndLoginPage.VerifyTheCookiesPolicylLinksOnLoginPage(Verifyw3LinksOnSignUpAndLoginPage.java:110)
at java.base/java.util.ArrayList.forEach(ArrayList.java:1511)
... Removed 25 stack frames]]>
    </failure>
  </testcase> <!-- VerifyTheCookiesPolicylLinksOnLoginPage -->
  <testcase classname="TestNGPack.Verifyw3LinksOnSignUpAndLoginPage" name="VerifyThePrivacyPolicyLinksOnLoginPage" time="0.0">
    <skipped/>
  </testcase> <!-- VerifyThePrivacyPolicyLinksOnLoginPage -->
  <testcase classname="TestNGPack.Verifyw3LinksOnSignUpAndLoginPage" name="VerifyTheTermsAndConditionsLinksOnLoginPage" time="0.0">
    <skipped/>
  </testcase> <!-- VerifyTheTermsAndConditionsLinksOnLoginPage -->
  <testcase classname="TestNGPack.Verifyw3LinksOnSignUpAndLoginPage" name="VerifyTheW3schoolLinksOnLoginPage" time="0.0">
    <skipped/>
  </testcase> <!-- VerifyTheW3schoolLinksOnLoginPage -->
  <testcase classname="TestNGPack.VerifyCorrectText" name="VerifyCorrectText" time="17.505"/>
</testsuite> <!-- Test -->
